# JRE version: OpenJDK Runtime Environment (8.0_322) (build 1.8.0_322-bre_2022_02_28_15_01-b00)
# Java VM: OpenJDK 64-Bit Server VM (25.322-b00 mixed mode bsd-amd64 compressed oops)
Heap:
 PSYoungGen      total 139264K, used 74099K [0x000000076ab00000, 0x0000000775780000, 0x00000007c0000000)
  eden space 128512K, 57% used [0x000000076ab00000,0x000000076f35cc28,0x0000000772880000)
  from space 10752K, 0% used [0x0000000772880000,0x0000000772880000,0x0000000773300000)
  to   space 12800K, 0% used [0x0000000774b00000,0x0000000774b00000,0x0000000775780000)
 ParOldGen       total 145408K, used 14221K [0x00000006c0000000, 0x00000006c8e00000, 0x000000076ab00000)
  object space 145408K, 9% used [0x00000006c0000000,0x00000006c0de3500,0x00000006c8e00000)
 Metaspace       used 40662K, capacity 43271K, committed 43520K, reserved 1087488K
  class space    used 5306K, capacity 5761K, committed 5888K, reserved 1048576K
GC Heap History (10 events):
Event: 1.610 GC heap before
{Heap before GC invocations=3 (full 0):
 PSYoungGen      total 76288K, used 23881K [0x000000076ab00000, 0x0000000774000000, 0x00000007c0000000)
  eden space 65536K, 20% used [0x000000076ab00000,0x000000076b7d8920,0x000000076eb00000)
  from space 10752K, 99% used [0x000000076f580000,0x000000076fff9b70,0x0000000770000000)
  to   space 10752K, 0% used [0x000000076eb00000,0x000000076eb00000,0x000000076f580000)
 ParOldGen       total 175104K, used 444K [0x00000006c0000000, 0x00000006cab00000, 0x000000076ab00000)
  object space 175104K, 0% used [0x00000006c0000000,0x00000006c006f168,0x00000006cab00000)
 Metaspace       used 20326K, capacity 21221K, committed 21296K, reserved 1069056K
  class space    used 2488K, capacity 2688K, committed 2688K, reserved 1048576K
Event: 1.614 GC heap after
Heap after GC invocations=3 (full 0):
 PSYoungGen      total 76288K, used 6183K [0x000000076ab00000, 0x0000000774000000, 0x00000007c0000000)
  eden space 65536K, 0% used [0x000000076ab00000,0x000000076ab00000,0x000000076eb00000)
  from space 10752K, 57% used [0x000000076eb00000,0x000000076f109fb8,0x000000076f580000)
  to   space 10752K, 0% used [0x0000000773580000,0x0000000773580000,0x0000000774000000)
 ParOldGen       total 175104K, used 452K [0x00000006c0000000, 0x00000006cab00000, 0x000000076ab00000)
  object space 175104K, 0% used [0x00000006c0000000,0x00000006c0071168,0x00000006cab00000)
 Metaspace       used 20326K, capacity 21221K, committed 21296K, reserved 1069056K
  class space    used 2488K, capacity 2688K, committed 2688K, reserved 1048576K
}
Event: 1.614 GC heap before
{Heap before GC invocations=4 (full 1):
 PSYoungGen      total 76288K, used 6183K [0x000000076ab00000, 0x0000000774000000, 0x00000007c0000000)
  eden space 65536K, 0% used [0x000000076ab00000,0x000000076ab00000,0x000000076eb00000)
  from space 10752K, 57% used [0x000000076eb00000,0x000000076f109fb8,0x000000076f580000)
  to   space 10752K, 0% used [0x0000000773580000,0x0000000773580000,0x0000000774000000)
 ParOldGen       total 175104K, used 452K [0x00000006c0000000, 0x00000006cab00000, 0x000000076ab00000)
  object space 175104K, 0% used [0x00000006c0000000,0x00000006c0071168,0x00000006cab00000)
 Metaspace       used 20326K, capacity 21221K, committed 21296K, reserved 1069056K
  class space    used 2488K, capacity 2688K, committed 2688K, reserved 1048576K
Event: 1.638 GC heap after
Heap after GC invocations=4 (full 1):
 PSYoungGen      total 76288K, used 0K [0x000000076ab00000, 0x0000000774000000, 0x00000007c0000000)
  eden space 65536K, 0% used [0x000000076ab00000,0x000000076ab00000,0x000000076eb00000)
  from space 10752K, 0% used [0x000000076eb00000,0x000000076eb00000,0x000000076f580000)
  to   space 10752K, 0% used [0x0000000773580000,0x0000000773580000,0x0000000774000000)
 ParOldGen       total 99840K, used 5991K [0x00000006c0000000, 0x00000006c6180000, 0x000000076ab00000)
  object space 99840K, 6% used [0x00000006c0000000,0x00000006c05d9e30,0x00000006c6180000)
 Metaspace       used 20326K, capacity 21221K, committed 21296K, reserved 1069056K
  class space    used 2488K, capacity 2688K, committed 2688K, reserved 1048576K
}
Event: 2.372 GC heap before
{Heap before GC invocations=5 (full 1):
 PSYoungGen      total 76288K, used 65536K [0x000000076ab00000, 0x0000000774000000, 0x00000007c0000000)
  eden space 65536K, 100% used [0x000000076ab00000,0x000000076eb00000,0x000000076eb00000)
  from space 10752K, 0% used [0x000000076eb00000,0x000000076eb00000,0x000000076f580000)
  to   space 10752K, 0% used [0x0000000773580000,0x0000000773580000,0x0000000774000000)
 ParOldGen       total 99840K, used 5991K [0x00000006c0000000, 0x00000006c6180000, 0x000000076ab00000)
  object space 99840K, 6% used [0x00000006c0000000,0x00000006c05d9e30,0x00000006c6180000)
 Metaspace       used 26871K, capacity 28481K, committed 28544K, reserved 1075200K
  class space    used 3335K, capacity 3649K, committed 3712K, reserved 1048576K
Event: 2.380 GC heap after
Heap after GC invocations=5 (full 1):
 PSYoungGen      total 110080K, used 8077K [0x000000076ab00000, 0x0000000773d80000, 0x00000007c0000000)
  eden space 101888K, 0% used [0x000000076ab00000,0x000000076ab00000,0x0000000770e80000)
  from space 8192K, 98% used [0x0000000773580000,0x0000000773d634e8,0x0000000773d80000)
  to   space 10752K, 0% used [0x0000000772880000,0x0000000772880000,0x0000000773300000)
 ParOldGen       total 99840K, used 5999K [0x00000006c0000000, 0x00000006c6180000, 0x000000076ab00000)
  object space 99840K, 6% used [0x00000006c0000000,0x00000006c05dbe30,0x00000006c6180000)
 Metaspace       used 26871K, capacity 28481K, committed 28544K, reserved 1075200K
  class space    used 3335K, capacity 3649K, committed 3712K, reserved 1048576K
}
Event: 15.552 GC heap before
{Heap before GC invocations=6 (full 1):
 PSYoungGen      total 110080K, used 79465K [0x000000076ab00000, 0x0000000773d80000, 0x00000007c0000000)
  eden space 101888K, 70% used [0x000000076ab00000,0x000000076f0b6f48,0x0000000770e80000)
  from space 8192K, 98% used [0x0000000773580000,0x0000000773d634e8,0x0000000773d80000)
  to   space 10752K, 0% used [0x0000000772880000,0x0000000772880000,0x0000000773300000)
 ParOldGen       total 99840K, used 5999K [0x00000006c0000000, 0x00000006c6180000, 0x000000076ab00000)
  object space 99840K, 6% used [0x00000006c0000000,0x00000006c05dbe30,0x00000006c6180000)
 Metaspace       used 33235K, capacity 35373K, committed 35456K, reserved 1079296K
  class space    used 4286K, capacity 4672K, committed 4736K, reserved 1048576K
Event: 15.561 GC heap after
Heap after GC invocations=6 (full 1):
 PSYoungGen      total 139264K, used 10731K [0x000000076ab00000, 0x0000000775780000, 0x00000007c0000000)
  eden space 128512K, 0% used [0x000000076ab00000,0x000000076ab00000,0x0000000772880000)
  from space 10752K, 99% used [0x0000000772880000,0x00000007732fac80,0x0000000773300000)
  to   space 12800K, 0% used [0x0000000774b00000,0x0000000774b00000,0x0000000775780000)
 ParOldGen       total 99840K, used 6105K [0x00000006c0000000, 0x00000006c6180000, 0x000000076ab00000)
  object space 99840K, 6% used [0x00000006c0000000,0x00000006c05f6690,0x00000006c6180000)
 Metaspace       used 33235K, capacity 35373K, committed 35456K, reserved 1079296K
  class space    used 4286K, capacity 4672K, committed 4736K, reserved 1048576K
}
Event: 15.561 GC heap before
{Heap before GC invocations=7 (full 2):
 PSYoungGen      total 139264K, used 10731K [0x000000076ab00000, 0x0000000775780000, 0x00000007c0000000)
  eden space 128512K, 0% used [0x000000076ab00000,0x000000076ab00000,0x0000000772880000)
  from space 10752K, 99% used [0x0000000772880000,0x00000007732fac80,0x0000000773300000)
  to   space 12800K, 0% used [0x0000000774b00000,0x0000000774b00000,0x0000000775780000)
 ParOldGen       total 99840K, used 6105K [0x00000006c0000000, 0x00000006c6180000, 0x000000076ab00000)
  object space 99840K, 6% used [0x00000006c0000000,0x00000006c05f6690,0x00000006c6180000)
 Metaspace       used 33235K, capacity 35373K, committed 35456K, reserved 1079296K
  class space    used 4286K, capacity 4672K, committed 4736K, reserved 1048576K
Event: 15.608 GC heap after
Heap after GC invocations=7 (full 2):
 PSYoungGen      total 139264K, used 0K [0x000000076ab00000, 0x0000000775780000, 0x00000007c0000000)
  eden space 128512K, 0% used [0x000000076ab00000,0x000000076ab00000,0x0000000772880000)
  from space 10752K, 0% used [0x0000000772880000,0x0000000772880000,0x0000000773300000)
  to   space 12800K, 0% used [0x0000000774b00000,0x0000000774b00000,0x0000000775780000)
 ParOldGen       total 145408K, used 14221K [0x00000006c0000000, 0x00000006c8e00000, 0x000000076ab00000)
  object space 145408K, 9% used [0x00000006c0000000,0x00000006c0de3500,0x00000006c8e00000)
 Metaspace       used 33235K, capacity 35373K, committed 35456K, reserved 1079296K
  class space    used 4286K, capacity 4672K, committed 4736K, reserved 1048576K
}

