# JRE version: OpenJDK Runtime Environment (8.0_322) (build 1.8.0_322-bre_2022_02_28_15_01-b00)
# Java VM: OpenJDK 64-Bit Server VM (25.322-b00 mixed mode bsd-amd64 compressed oops)
Heap:
 PSYoungGen      total 139264K, used 67110K [0x000000076ab00000, 0x0000000775e00000, 0x00000007c0000000)
  eden space 128512K, 52% used [0x000000076ab00000,0x000000076ec89950,0x0000000772880000)
  from space 10752K, 0% used [0x0000000772880000,0x0000000772880000,0x0000000773300000)
  to   space 12800K, 0% used [0x0000000775180000,0x0000000775180000,0x0000000775e00000)
 ParOldGen       total 139776K, used 14324K [0x00000006c0000000, 0x00000006c8880000, 0x000000076ab00000)
  object space 139776K, 10% used [0x00000006c0000000,0x00000006c0dfd0d0,0x00000006c8880000)
 Metaspace       used 40337K, capacity 42823K, committed 43136K, reserved 1087488K
  class space    used 5253K, capacity 5707K, committed 5760K, reserved 1048576K
GC Heap History (10 events):
Event: 1.493 GC heap before
{Heap before GC invocations=3 (full 0):
 PSYoungGen      total 76288K, used 23787K [0x000000076ab00000, 0x0000000774000000, 0x00000007c0000000)
  eden space 65536K, 19% used [0x000000076ab00000,0x000000076b7c26c0,0x000000076eb00000)
  from space 10752K, 99% used [0x000000076f580000,0x000000076fff88f0,0x0000000770000000)
  to   space 10752K, 0% used [0x000000076eb00000,0x000000076eb00000,0x000000076f580000)
 ParOldGen       total 175104K, used 443K [0x00000006c0000000, 0x00000006cab00000, 0x000000076ab00000)
  object space 175104K, 0% used [0x00000006c0000000,0x00000006c006efb0,0x00000006cab00000)
 Metaspace       used 20336K, capacity 21221K, committed 21296K, reserved 1069056K
  class space    used 2485K, capacity 2688K, committed 2688K, reserved 1048576K
Event: 1.497 GC heap after
Heap after GC invocations=3 (full 0):
 PSYoungGen      total 76288K, used 6189K [0x000000076ab00000, 0x0000000774000000, 0x00000007c0000000)
  eden space 65536K, 0% used [0x000000076ab00000,0x000000076ab00000,0x000000076eb00000)
  from space 10752K, 57% used [0x000000076eb00000,0x000000076f10b5f0,0x000000076f580000)
  to   space 10752K, 0% used [0x0000000773580000,0x0000000773580000,0x0000000774000000)
 ParOldGen       total 175104K, used 451K [0x00000006c0000000, 0x00000006cab00000, 0x000000076ab00000)
  object space 175104K, 0% used [0x00000006c0000000,0x00000006c0070fb0,0x00000006cab00000)
 Metaspace       used 20336K, capacity 21221K, committed 21296K, reserved 1069056K
  class space    used 2485K, capacity 2688K, committed 2688K, reserved 1048576K
}
Event: 1.497 GC heap before
{Heap before GC invocations=4 (full 1):
 PSYoungGen      total 76288K, used 6189K [0x000000076ab00000, 0x0000000774000000, 0x00000007c0000000)
  eden space 65536K, 0% used [0x000000076ab00000,0x000000076ab00000,0x000000076eb00000)
  from space 10752K, 57% used [0x000000076eb00000,0x000000076f10b5f0,0x000000076f580000)
  to   space 10752K, 0% used [0x0000000773580000,0x0000000773580000,0x0000000774000000)
 ParOldGen       total 175104K, used 451K [0x00000006c0000000, 0x00000006cab00000, 0x000000076ab00000)
  object space 175104K, 0% used [0x00000006c0000000,0x00000006c0070fb0,0x00000006cab00000)
 Metaspace       used 20336K, capacity 21221K, committed 21296K, reserved 1069056K
  class space    used 2485K, capacity 2688K, committed 2688K, reserved 1048576K
Event: 1.518 GC heap after
Heap after GC invocations=4 (full 1):
 PSYoungGen      total 76288K, used 0K [0x000000076ab00000, 0x0000000774000000, 0x00000007c0000000)
  eden space 65536K, 0% used [0x000000076ab00000,0x000000076ab00000,0x000000076eb00000)
  from space 10752K, 0% used [0x000000076eb00000,0x000000076eb00000,0x000000076f580000)
  to   space 10752K, 0% used [0x0000000773580000,0x0000000773580000,0x0000000774000000)
 ParOldGen       total 97792K, used 5961K [0x00000006c0000000, 0x00000006c5f80000, 0x000000076ab00000)
  object space 97792K, 6% used [0x00000006c0000000,0x00000006c05d2620,0x00000006c5f80000)
 Metaspace       used 20336K, capacity 21221K, committed 21296K, reserved 1069056K
  class space    used 2485K, capacity 2688K, committed 2688K, reserved 1048576K
}
Event: 2.195 GC heap before
{Heap before GC invocations=5 (full 1):
 PSYoungGen      total 76288K, used 65536K [0x000000076ab00000, 0x0000000774000000, 0x00000007c0000000)
  eden space 65536K, 100% used [0x000000076ab00000,0x000000076eb00000,0x000000076eb00000)
  from space 10752K, 0% used [0x000000076eb00000,0x000000076eb00000,0x000000076f580000)
  to   space 10752K, 0% used [0x0000000773580000,0x0000000773580000,0x0000000774000000)
 ParOldGen       total 97792K, used 5961K [0x00000006c0000000, 0x00000006c5f80000, 0x000000076ab00000)
  object space 97792K, 6% used [0x00000006c0000000,0x00000006c05d2620,0x00000006c5f80000)
 Metaspace       used 26878K, capacity 28481K, committed 28544K, reserved 1075200K
  class space    used 3334K, capacity 3649K, committed 3712K, reserved 1048576K
Event: 2.203 GC heap after
Heap after GC invocations=5 (full 1):
 PSYoungGen      total 112128K, used 8091K [0x000000076ab00000, 0x0000000773d80000, 0x00000007c0000000)
  eden space 103936K, 0% used [0x000000076ab00000,0x000000076ab00000,0x0000000771080000)
  from space 8192K, 98% used [0x0000000773580000,0x0000000773d66f50,0x0000000773d80000)
  to   space 10752K, 0% used [0x0000000772880000,0x0000000772880000,0x0000000773300000)
 ParOldGen       total 97792K, used 5969K [0x00000006c0000000, 0x00000006c5f80000, 0x000000076ab00000)
  object space 97792K, 6% used [0x00000006c0000000,0x00000006c05d4620,0x00000006c5f80000)
 Metaspace       used 26878K, capacity 28481K, committed 28544K, reserved 1075200K
  class space    used 3334K, capacity 3649K, committed 3712K, reserved 1048576K
}
Event: 14.542 GC heap before
{Heap before GC invocations=6 (full 1):
 PSYoungGen      total 112128K, used 79699K [0x000000076ab00000, 0x0000000773d80000, 0x00000007c0000000)
  eden space 103936K, 68% used [0x000000076ab00000,0x000000076f0edfa8,0x0000000771080000)
  from space 8192K, 98% used [0x0000000773580000,0x0000000773d66f50,0x0000000773d80000)
  to   space 10752K, 0% used [0x0000000772880000,0x0000000772880000,0x0000000773300000)
 ParOldGen       total 97792K, used 5969K [0x00000006c0000000, 0x00000006c5f80000, 0x000000076ab00000)
  object space 97792K, 6% used [0x00000006c0000000,0x00000006c05d4620,0x00000006c5f80000)
 Metaspace       used 33218K, capacity 35369K, committed 35456K, reserved 1079296K
  class space    used 4281K, capacity 4672K, committed 4736K, reserved 1048576K
Event: 14.551 GC heap after
Heap after GC invocations=6 (full 1):
 PSYoungGen      total 139264K, used 10745K [0x000000076ab00000, 0x0000000775e00000, 0x00000007c0000000)
  eden space 128512K, 0% used [0x000000076ab00000,0x000000076ab00000,0x0000000772880000)
  from space 10752K, 99% used [0x0000000772880000,0x00000007732fe5c8,0x0000000773300000)
  to   space 12800K, 0% used [0x0000000775180000,0x0000000775180000,0x0000000775e00000)
 ParOldGen       total 97792K, used 6134K [0x00000006c0000000, 0x00000006c5f80000, 0x000000076ab00000)
  object space 97792K, 6% used [0x00000006c0000000,0x00000006c05fda10,0x00000006c5f80000)
 Metaspace       used 33218K, capacity 35369K, committed 35456K, reserved 1079296K
  class space    used 4281K, capacity 4672K, committed 4736K, reserved 1048576K
}
Event: 14.551 GC heap before
{Heap before GC invocations=7 (full 2):
 PSYoungGen      total 139264K, used 10745K [0x000000076ab00000, 0x0000000775e00000, 0x00000007c0000000)
  eden space 128512K, 0% used [0x000000076ab00000,0x000000076ab00000,0x0000000772880000)
  from space 10752K, 99% used [0x0000000772880000,0x00000007732fe5c8,0x0000000773300000)
  to   space 12800K, 0% used [0x0000000775180000,0x0000000775180000,0x0000000775e00000)
 ParOldGen       total 97792K, used 6134K [0x00000006c0000000, 0x00000006c5f80000, 0x000000076ab00000)
  object space 97792K, 6% used [0x00000006c0000000,0x00000006c05fda10,0x00000006c5f80000)
 Metaspace       used 33218K, capacity 35369K, committed 35456K, reserved 1079296K
  class space    used 4281K, capacity 4672K, committed 4736K, reserved 1048576K
Event: 14.592 GC heap after
Heap after GC invocations=7 (full 2):
 PSYoungGen      total 139264K, used 0K [0x000000076ab00000, 0x0000000775e00000, 0x00000007c0000000)
  eden space 128512K, 0% used [0x000000076ab00000,0x000000076ab00000,0x0000000772880000)
  from space 10752K, 0% used [0x0000000772880000,0x0000000772880000,0x0000000773300000)
  to   space 12800K, 0% used [0x0000000775180000,0x0000000775180000,0x0000000775e00000)
 ParOldGen       total 139776K, used 14324K [0x00000006c0000000, 0x00000006c8880000, 0x000000076ab00000)
  object space 139776K, 10% used [0x00000006c0000000,0x00000006c0dfd0d0,0x00000006c8880000)
 Metaspace       used 33218K, capacity 35369K, committed 35456K, reserved 1079296K
  class space    used 4281K, capacity 4672K, committed 4736K, reserved 1048576K
}

